<?xml version="1.0" encoding="UTF-8"?>
<testng-results ignored="0" total="1" passed="1" failed="0" skipped="0">
  <reporter-output>
  </reporter-output>
  <suite started-at="2024-04-18T21:45:24 CDT" name="Default suite" finished-at="2024-04-18T21:45:28 CDT" duration-ms="3924">
    <groups>
    </groups>
    <test started-at="2024-04-18T21:45:24 CDT" name="Default test" finished-at="2024-04-18T21:45:28 CDT" duration-ms="3924">
      <class name="Beauty.Revlon">
        <test-method signature="LaunchRevlon()[pri:0, instance:Beauty.Revlon@6a6cb05c]" started-at="2024-04-18T21:45:24 CDT" name="LaunchRevlon" finished-at="2024-04-18T21:45:28 CDT" duration-ms="3882" status="PASS">
          <reporter-output>
          </reporter-output>
        </test-method> <!-- LaunchRevlon -->
      </class> <!-- Beauty.Revlon -->
    </test> <!-- Default test -->
  </suite> <!-- Default suite -->
</testng-results>
